<?xml version="1.0" encoding="UTF-8"?>
<robot generator="Robot 6.0.2 (Python 3.11.3 on win32)" generated="20230526 14:58:41.592" rpa="false" schemaversion="3">
<suite id="s1" name="Formulario Ok" source="D:\Repositorio\Projeto-Robot-Framework\testes_robot\formulario_ok.robot">
<test id="s1-t1" name="Verificar se ao preencher as informações do formulário do página de cadastro do Organos é criado o Card corretamente" line="21">
<kw name="Dado que eu acesse o sistema organo">
<kw name="Open Browser" library="SeleniumLibrary">
<arg>${URL}</arg>
<arg>browser=Chrome</arg>
<doc>Opens a new browser instance to the optional ``url``.</doc>
<msg timestamp="20230526 14:58:42.016" level="INFO">Opening browser 'Chrome' to base url 'http://localhost:3000/'.</msg>
<msg timestamp="20230526 14:58:42.040" level="INFO">Applicable driver not found; attempting to install with Selenium Manager (Beta)</msg>
<status status="PASS" starttime="20230526 14:58:42.014" endtime="20230526 14:58:44.951"/>
</kw>
<status status="PASS" starttime="20230526 14:58:42.013" endtime="20230526 14:58:44.951"/>
</kw>
<kw name="E preencha as informações do formulário">
<kw name="Input Text" library="SeleniumLibrary">
<arg>${CAMPO_NOME}</arg>
<arg>Rodrigo</arg>
<doc>Types the given ``text`` into the text field identified by ``locator``.</doc>
<msg timestamp="20230526 14:58:44.955" level="INFO">Typing text 'Rodrigo' into text field 'id:form-nome'.</msg>
<status status="PASS" starttime="20230526 14:58:44.953" endtime="20230526 14:58:45.234"/>
</kw>
<kw name="Input Text" library="SeleniumLibrary">
<arg>${CAMPO_CARGO}</arg>
<arg>QA | Analista de testes</arg>
<doc>Types the given ``text`` into the text field identified by ``locator``.</doc>
<msg timestamp="20230526 14:58:45.235" level="INFO">Typing text 'QA | Analista de testes' into text field 'id:form-cargo'.</msg>
<status status="PASS" starttime="20230526 14:58:45.234" endtime="20230526 14:58:45.450"/>
</kw>
<kw name="Input Text" library="SeleniumLibrary">
<arg>${CAMPO_IMAGEM}</arg>
<arg>https://picsum.photos/200/300</arg>
<doc>Types the given ``text`` into the text field identified by ``locator``.</doc>
<msg timestamp="20230526 14:58:45.451" level="INFO">Typing text 'https://picsum.photos/200/300' into text field 'id:form-imagem'.</msg>
<status status="PASS" starttime="20230526 14:58:45.450" endtime="20230526 14:58:45.668"/>
</kw>
<kw name="Click Element" library="SeleniumLibrary">
<arg>${CAMPO_TIME}</arg>
<doc>Click the element identified by ``locator``.</doc>
<msg timestamp="20230526 14:58:45.669" level="INFO">Clicking element 'class:lista-suspensa'.</msg>
<status status="PASS" starttime="20230526 14:58:45.668" endtime="20230526 14:58:45.754"/>
</kw>
<kw name="Click Element" library="SeleniumLibrary">
<arg>${OPCAO_PROGRAMACAO}</arg>
<doc>Click the element identified by ``locator``.</doc>
<msg timestamp="20230526 14:58:45.756" level="INFO">Clicking element '//option[contains(.,'Programação')]'.</msg>
<status status="PASS" starttime="20230526 14:58:45.754" endtime="20230526 14:58:45.827"/>
</kw>
<status status="PASS" starttime="20230526 14:58:44.952" endtime="20230526 14:58:45.827"/>
</kw>
<kw name="E clieque em Criar Card">
<kw name="Click Element" library="SeleniumLibrary">
<arg>${BOTAO_CARD}</arg>
<doc>Click the element identified by ``locator``.</doc>
<msg timestamp="20230526 14:58:45.830" level="INFO">Clicking element 'id:form-botao'.</msg>
<status status="PASS" starttime="20230526 14:58:45.829" endtime="20230526 14:58:45.930"/>
</kw>
<status status="PASS" starttime="20230526 14:58:45.828" endtime="20230526 14:58:45.930"/>
</kw>
<kw name="Então deve ser criado o Card com as informações preenchidas">
<kw name="Element Should Be Visible" library="SeleniumLibrary">
<arg>${VALIDACAO}</arg>
<doc>Verifies that the element identified by ``locator`` is visible.</doc>
<msg timestamp="20230526 14:58:45.971" level="INFO">Element 'class:colaborador' is displayed.</msg>
<status status="PASS" starttime="20230526 14:58:45.931" endtime="20230526 14:58:45.971"/>
</kw>
<status status="PASS" starttime="20230526 14:58:45.931" endtime="20230526 14:58:45.971"/>
</kw>
<status status="PASS" starttime="20230526 14:58:42.012" endtime="20230526 14:58:45.973"/>
</test>
<status status="PASS" starttime="20230526 14:58:41.596" endtime="20230526 14:58:45.975"/>
</suite>
<statistics>
<total>
<stat pass="1" fail="0" skip="0">All Tests</stat>
</total>
<tag>
</tag>
<suite>
<stat pass="1" fail="0" skip="0" id="s1" name="Formulario Ok">Formulario Ok</stat>
</suite>
</statistics>
<errors>
</errors>
</robot>
